0 info it worked if it ends with ok
1 verbose cli [ '/usr/local/bin/node', '/usr/local/bin/npm', 'publish' ]
2 info using npm@4.1.2
3 info using node@v7.6.0
4 verbose publish [ '.' ]
5 silly cache add args [ '.', null ]
6 verbose cache add spec .
7 silly cache add parsed spec Result {
7 silly cache add   raw: '.',
7 silly cache add   scope: null,
7 silly cache add   escapedName: null,
7 silly cache add   name: null,
7 silly cache add   rawSpec: '.',
7 silly cache add   spec: '/home/kolos/projects/VoteHunter-Golos/frontend/kolos.dom',
7 silly cache add   type: 'directory' }
8 verbose addLocalDirectory /home/kolos/.npm/kolos.dom/1.0.0/package.tgz not in flight; packing
9 verbose correctMkdir /home/kolos/.npm correctMkdir not in flight; initializing
10 info lifecycle kolos.dom@1.0.0~prepublish: kolos.dom@1.0.0
11 silly lifecycle kolos.dom@1.0.0~prepublish: no script for prepublish, continuing
12 info lifecycle kolos.dom@1.0.0~prepare: kolos.dom@1.0.0
13 silly lifecycle kolos.dom@1.0.0~prepare: no script for prepare, continuing
14 verbose tar pack [ '/home/kolos/.npm/kolos.dom/1.0.0/package.tgz',
14 verbose tar pack   '/home/kolos/projects/VoteHunter-Golos/frontend/kolos.dom' ]
15 verbose tarball /home/kolos/.npm/kolos.dom/1.0.0/package.tgz
16 verbose folder /home/kolos/projects/VoteHunter-Golos/frontend/kolos.dom
17 verbose addLocalTarball adding from inside cache /home/kolos/.npm/kolos.dom/1.0.0/package.tgz
18 verbose correctMkdir /home/kolos/.npm correctMkdir not in flight; initializing
19 silly cache afterAdd kolos.dom@1.0.0
20 verbose afterAdd /home/kolos/.npm/kolos.dom/1.0.0/package/package.json not in flight; writing
21 verbose correctMkdir /home/kolos/.npm correctMkdir not in flight; initializing
22 verbose afterAdd /home/kolos/.npm/kolos.dom/1.0.0/package/package.json written
23 silly publish { name: 'kolos.dom',
23 silly publish   version: '1.0.0',
23 silly publish   description: 'Services and [abstract] components for working with DOM',
23 silly publish   main: 'index.js',
23 silly publish   scripts: { test: 'echo "Error: no test specified" && exit 1' },
23 silly publish   repository:
23 silly publish    { type: 'git',
23 silly publish      url: 'git+https://github.com/kolosovskiy/kolos.dom.git' },
23 silly publish   author: { name: 'Ed Kolosovskiy' },
23 silly publish   license: 'ISC',
23 silly publish   bugs: { url: 'https://github.com/kolosovskiy/kolos.dom/issues' },
23 silly publish   homepage: 'https://github.com/kolosovskiy/kolos.dom#readme',
23 silly publish   readme: '# Services and [abstract] components for working with DOM\n\n## Warnings\n- Some classes use dom pointer events. If you care about it, use a polyfill.',
23 silly publish   readmeFilename: 'README.md',
23 silly publish   gitHead: '46146023a87b7e0f1acd4d4a0557228a07799980',
23 silly publish   _id: 'kolos.dom@1.0.0',
23 silly publish   _shasum: 'cda31bfcf7251bda63d4ec6731443ae10c1c617c',
23 silly publish   _from: '.' }
24 info lifecycle kolos.dom@1.0.0~prepublishOnly: kolos.dom@1.0.0
25 silly lifecycle kolos.dom@1.0.0~prepublishOnly: no script for prepublishOnly, continuing
26 verbose getPublishConfig undefined
27 silly mapToRegistry name kolos.dom
28 silly mapToRegistry using default registry
29 silly mapToRegistry registry https://registry.npmjs.org/
30 silly mapToRegistry data Result {
30 silly mapToRegistry   raw: 'kolos.dom',
30 silly mapToRegistry   scope: null,
30 silly mapToRegistry   escapedName: 'kolos.dom',
30 silly mapToRegistry   name: 'kolos.dom',
30 silly mapToRegistry   rawSpec: '',
30 silly mapToRegistry   spec: 'latest',
30 silly mapToRegistry   type: 'tag' }
31 silly mapToRegistry uri https://registry.npmjs.org/kolos.dom
32 verbose publish registryBase https://registry.npmjs.org/
33 silly publish uploading /home/kolos/.npm/kolos.dom/1.0.0/package.tgz
34 verbose request uri https://registry.npmjs.org/kolos.dom
35 verbose request sending authorization for write operation
36 info attempt registry request try #1 at 9:38:21 PM
37 verbose request using bearer token for auth
38 verbose request id 4b15bd66996842f9
39 http request PUT https://registry.npmjs.org/kolos.dom
40 http 403 https://registry.npmjs.org/kolos.dom
41 verbose headers { 'content-type': 'application/json',
41 verbose headers   'cache-control': 'max-age=300',
41 verbose headers   'content-length': '93',
41 verbose headers   'accept-ranges': 'bytes',
41 verbose headers   date: 'Tue, 27 Feb 2018 18:38:24 GMT',
41 verbose headers   via: '1.1 varnish',
41 verbose headers   connection: 'keep-alive',
41 verbose headers   'x-served-by': 'cache-bma7025-BMA',
41 verbose headers   'x-cache': 'MISS',
41 verbose headers   'x-cache-hits': '0',
41 verbose headers   'x-timer': 'S1519756702.861488,VS0,VE2696',
41 verbose headers   vary: 'Accept-Encoding, Accept' }
42 verbose request invalidating /home/kolos/.npm/registry.npmjs.org/kolos.dom on PUT
43 error publish Failed PUT 403
44 verbose stack Error: You cannot publish over the previously published versions: 1.0.0. : kolos.dom
44 verbose stack     at makeError (/usr/local/lib/node_modules/npm/node_modules/npm-registry-client/lib/request.js:304:12)
44 verbose stack     at CachingRegistryClient.<anonymous> (/usr/local/lib/node_modules/npm/node_modules/npm-registry-client/lib/request.js:292:14)
44 verbose stack     at Request._callback (/usr/local/lib/node_modules/npm/node_modules/npm-registry-client/lib/request.js:212:14)
44 verbose stack     at Request.self.callback (/usr/local/lib/node_modules/npm/node_modules/request/request.js:186:22)
44 verbose stack     at emitTwo (events.js:106:13)
44 verbose stack     at Request.emit (events.js:192:7)
44 verbose stack     at Request.<anonymous> (/usr/local/lib/node_modules/npm/node_modules/request/request.js:1081:10)
44 verbose stack     at emitOne (events.js:96:13)
44 verbose stack     at Request.emit (events.js:189:7)
44 verbose stack     at IncomingMessage.<anonymous> (/usr/local/lib/node_modules/npm/node_modules/request/request.js:1001:12)
45 verbose statusCode 403
46 verbose pkgid kolos.dom
47 verbose cwd /home/kolos/projects/VoteHunter-Golos/frontend/kolos.dom
48 error Linux 4.13.0-36-generic
49 error argv "/usr/local/bin/node" "/usr/local/bin/npm" "publish"
50 error node v7.6.0
51 error npm  v4.1.2
52 error code E403
53 error You cannot publish over the previously published versions: 1.0.0. : kolos.dom
54 error If you need help, you may report this error at:
54 error     <https://github.com/npm/npm/issues>
55 verbose exit [ 1, true ]
